c:\users\avall\documents\andrés\programación\code\trading\smoothingdrawdowncurve\debug\vc142.pdb
c:\users\avall\documents\andrés\programación\code\trading\smoothingdrawdowncurve\debug\vc142.idb
c:\users\avall\documents\andrés\programación\code\trading\smoothingdrawdowncurve\debug\imgui_widgets.obj
c:\users\avall\documents\andrés\programación\code\trading\smoothingdrawdowncurve\debug\imgui_tables.obj
c:\users\avall\documents\andrés\programación\code\trading\smoothingdrawdowncurve\debug\imgui_impl_opengl3.obj
c:\users\avall\documents\andrés\programación\code\trading\smoothingdrawdowncurve\debug\imgui_impl_glfw.obj
c:\users\avall\documents\andrés\programación\code\trading\smoothingdrawdowncurve\debug\imgui_draw.obj
c:\users\avall\documents\andrés\programación\code\trading\smoothingdrawdowncurve\debug\imgui_demo.obj
c:\users\avall\documents\andrés\programación\code\trading\smoothingdrawdowncurve\debug\imgui.obj
c:\users\avall\documents\andrés\programación\code\trading\smoothingdrawdowncurve\debug\main.obj
c:\users\avall\documents\andrés\programación\code\trading\smoothingdrawdowncurve\debug\admin.obj
c:\users\avall\documents\andrés\programación\code\trading\smoothingdrawdowncurve\debug\account.obj
c:\users\avall\documents\andrés\programación\code\trading\smoothingdrawdowncurve\debug\accountdao.obj
c:\users\avall\documents\andrés\programación\code\trading\smoothingdrawdowncurve\debug\accountbl.obj
c:\users\avall\documents\andrés\programación\code\trading\smoothingdrawdowncurve\debug\smoothingdrawdowncurve.ilk
c:\users\avall\documents\andrés\programación\code\trading\smoothingdrawdowncurve\debug\smoothingdrawdowncurve.exe
c:\users\avall\documents\andrés\programación\code\trading\smoothingdrawdowncurve\debug\smoothingdrawdowncurve.pdb
c:\users\avall\documents\andrés\programación\code\trading\smoothingdrawdowncurve\debug\testsmoothingdrawdowncurve.exp
c:\users\avall\documents\andrés\programación\code\trading\smoothingdrawdowncurve\debug\testsmoothingdrawdowncurve.pdb
c:\users\avall\documents\andrés\programación\code\trading\smoothingdrawdowncurve\debug\smoothin.6c232f45.tlog\cl.command.1.tlog
c:\users\avall\documents\andrés\programación\code\trading\smoothingdrawdowncurve\debug\smoothin.6c232f45.tlog\cl.read.1.tlog
c:\users\avall\documents\andrés\programación\code\trading\smoothingdrawdowncurve\debug\smoothin.6c232f45.tlog\cl.write.1.tlog
c:\users\avall\documents\andrés\programación\code\trading\smoothingdrawdowncurve\debug\smoothin.6c232f45.tlog\link.command.1.tlog
c:\users\avall\documents\andrés\programación\code\trading\smoothingdrawdowncurve\debug\smoothin.6c232f45.tlog\link.read.1.tlog
c:\users\avall\documents\andrés\programación\code\trading\smoothingdrawdowncurve\debug\smoothin.6c232f45.tlog\link.write.1.tlog
